<?xml version="1.0" encoding="UTF-8"?>
<testsuite xmlns:xsi="http://www.w3.org/2001/XMLSchema-instance" xsi:schemaLocation="https://maven.apache.org/surefire/maven-surefire-plugin/xsd/surefire-test-report.xsd" name="org.owasp.webgoat.plugin.introduction.SqlInjectionLesson6bTest" time="0.055" tests="2" errors="0" skipped="0" failures="0">
  <properties>
    <property name="java.vendor" value="Oracle Corporation"/>
    <property name="localRepository" value="/Users/mbrad/.m2/repository"/>
    <property name="sun.java.launcher" value="SUN_STANDARD"/>
    <property name="sun.management.compiler" value="HotSpot 64-Bit Tiered Compilers"/>
    <property name="os.name" value="Mac OS X"/>
    <property name="sun.boot.class.path" value="/Library/Java/JavaVirtualMachines/jdk1.8.0_181.jdk/Contents/Home/jre/lib/resources.jar:/Library/Java/JavaVirtualMachines/jdk1.8.0_181.jdk/Contents/Home/jre/lib/rt.jar:/Library/Java/JavaVirtualMachines/jdk1.8.0_181.jdk/Contents/Home/jre/lib/sunrsasign.jar:/Library/Java/JavaVirtualMachines/jdk1.8.0_181.jdk/Contents/Home/jre/lib/jsse.jar:/Library/Java/JavaVirtualMachines/jdk1.8.0_181.jdk/Contents/Home/jre/lib/jce.jar:/Library/Java/JavaVirtualMachines/jdk1.8.0_181.jdk/Contents/Home/jre/lib/charsets.jar:/Library/Java/JavaVirtualMachines/jdk1.8.0_181.jdk/Contents/Home/jre/lib/jfr.jar:/Library/Java/JavaVirtualMachines/jdk1.8.0_181.jdk/Contents/Home/jre/classes:/Users/mbrad/.swip/coverity-tools-macosx-2018.12/jars/capture-rt.jar"/>
    <property name="arg.processor.classes" value="com.coverity.capture.inst.SunOptions"/>
    <property name="java.vm.specification.vendor" value="Oracle Corporation"/>
    <property name="java.runtime.version" value="1.8.0_181-b13"/>
    <property name="coverity.executable_name" value="/Library/Java/JavaVirtualMachines/jdk1.8.0_181.jdk/Contents/Home/bin/java"/>
    <property name="user.name" value="mbrad"/>
    <property name="coverity.build_log" value="/Users/mbrad/Demo/WebGoat/.swip/data/coverity/2018.12/idir/build-log.txt"/>
    <property name="guice.disable.misplaced.annotation.check" value="true"/>
    <property name="compiler.methods" value="compile"/>
    <property name="user.language" value="en"/>
    <property name="sun.boot.library.path" value="/Library/Java/JavaVirtualMachines/jdk1.8.0_181.jdk/Contents/Home/jre/lib"/>
    <property name="classworlds.conf" value="/usr/local/Cellar/maven/3.5.4/libexec/bin/m2.conf"/>
    <property name="instrumentor.classes" value="com.coverity.capture.ScalaInstrumentor"/>
    <property name="PID" value="24311"/>
    <property name="java.version" value="1.8.0_181"/>
    <property name="coverity.props" value=""/>
    <property name="user.timezone" value="Europe/London"/>
    <property name="java.net.preferIPv4Stack" value="true"/>
    <property name="sun.arch.data.model" value="64"/>
    <property name="java.endorsed.dirs" value="/Library/Java/JavaVirtualMachines/jdk1.8.0_181.jdk/Contents/Home/jre/lib/endorsed"/>
    <property name="sun.cpu.isalist" value=""/>
    <property name="sun.jnu.encoding" value="UTF-8"/>
    <property name="file.encoding.pkg" value="sun.io"/>
    <property name="file.separator" value="/"/>
    <property name="java.specification.name" value="Java Platform API Specification"/>
    <property name="maven.conf" value="/usr/local/Cellar/maven/3.5.4/libexec/conf"/>
    <property name="java.class.version" value="52.0"/>
    <property name="user.country" value="GB"/>
    <property name="java.home" value="/Library/Java/JavaVirtualMachines/jdk1.8.0_181.jdk/Contents/Home/jre"/>
    <property name="java.vm.info" value="mixed mode"/>
    <property name="os.version" value="10.13.6"/>
    <property name="path.separator" value=":"/>
    <property name="java.vm.version" value="25.181-b13"/>
    <property name="org.jboss.logging.provider" value="slf4j"/>
    <property name="java.awt.printerjob" value="sun.lwawt.macosx.CPrinterJob"/>
    <property name="sun.io.unicode.encoding" value="UnicodeBig"/>
    <property name="awt.toolkit" value="sun.lwawt.macosx.LWCToolkit"/>
    <property name="arg.positions" value="-1"/>
    <property name="user.home" value="/Users/mbrad"/>
    <property name="java.specification.vendor" value="Oracle Corporation"/>
    <property name="library.jansi.path" value="/usr/local/Cellar/maven/3.5.4/libexec/lib/jansi-native"/>
    <property name="java.library.path" value="/Users/mbrad/.swip/coverity-tools-macosx-2018.12/jars:/Users/mbrad/Library/Java/Extensions:/Library/Java/Extensions:/Network/Library/Java/Extensions:/System/Library/Java/Extensions:/usr/lib/java:."/>
    <property name="java.vendor.url" value="http://java.oracle.com/"/>
    <property name="spring.beaninfo.ignore" value="true"/>
    <property name="java.vm.vendor" value="Oracle Corporation"/>
    <property name="gopherProxySet" value="false"/>
    <property name="maven.home" value="/usr/local/Cellar/maven/3.5.4/libexec"/>
    <property name="java.runtime.name" value="Java(TM) SE Runtime Environment"/>
    <property name="sun.java.command" value="org.codehaus.plexus.classworlds.launcher.Launcher -f pom.xml install"/>
    <property name="java.class.path" value="/usr/local/Cellar/maven/3.5.4/libexec/boot/plexus-classworlds-2.5.2.jar:/Users/mbrad/.swip/coverity-tools-macosx-2018.12/jars/capture-bci.jar"/>
    <property name="compiler.classes" value="scala.tools.nsc.Global$Run"/>
    <property name="java.vm.specification.name" value="Java Virtual Machine Specification"/>
    <property name="java.vm.specification.version" value="1.8"/>
    <property name="compiler.signatures" value="(Lscala/collection/immutable/List;)V"/>
    <property name="sun.cpu.endian" value="little"/>
    <property name="sun.os.patch.level" value="unknown"/>
    <property name="java.awt.headless" value="true"/>
    <property name="surefire.test.class.path" value="/Users/mbrad/Demo/WebGoat/webgoat-container/target/test-classes:/Users/mbrad/Demo/WebGoat/webgoat-container/target/classes:/Users/mbrad/.m2/repository/com/fasterxml/jackson/datatype/jackson-datatype-jsr310/2.8.11/jackson-datatype-jsr310-2.8.11.jar:/Users/mbrad/.m2/repository/com/fasterxml/jackson/core/jackson-annotations/2.8.0/jackson-annotations-2.8.0.jar:/Users/mbrad/.m2/repository/com/fasterxml/jackson/core/jackson-core/2.8.11/jackson-core-2.8.11.jar:/Users/mbrad/.m2/repository/com/fasterxml/jackson/core/jackson-databind/2.8.11.1/jackson-databind-2.8.11.1.jar:/Users/mbrad/.m2/repository/org/springframework/boot/spring-boot-starter-web/1.5.12.RELEASE/spring-boot-starter-web-1.5.12.RELEASE.jar:/Users/mbrad/.m2/repository/org/springframework/boot/spring-boot-starter/1.5.12.RELEASE/spring-boot-starter-1.5.12.RELEASE.jar:/Users/mbrad/.m2/repository/org/springframework/boot/spring-boot/1.5.12.RELEASE/spring-boot-1.5.12.RELEASE.jar:/Users/mbrad/.m2/repository/org/springframework/boot/spring-boot-autoconfigure/1.5.12.RELEASE/spring-boot-autoconfigure-1.5.12.RELEASE.jar:/Users/mbrad/.m2/repository/org/springframework/boot/spring-boot-starter-logging/1.5.12.RELEASE/spring-boot-starter-logging-1.5.12.RELEASE.jar:/Users/mbrad/.m2/repository/ch/qos/logback/logback-classic/1.1.11/logback-classic-1.1.11.jar:/Users/mbrad/.m2/repository/ch/qos/logback/logback-core/1.1.11/logback-core-1.1.11.jar:/Users/mbrad/.m2/repository/org/slf4j/jul-to-slf4j/1.7.25/jul-to-slf4j-1.7.25.jar:/Users/mbrad/.m2/repository/org/slf4j/log4j-over-slf4j/1.7.25/log4j-over-slf4j-1.7.25.jar:/Users/mbrad/.m2/repository/org/yaml/snakeyaml/1.17/snakeyaml-1.17.jar:/Users/mbrad/.m2/repository/org/springframework/boot/spring-boot-starter-tomcat/1.5.12.RELEASE/spring-boot-starter-tomcat-1.5.12.RELEASE.jar:/Users/mbrad/.m2/repository/org/apache/tomcat/embed/tomcat-embed-core/8.5.29/tomcat-embed-core-8.5.29.jar:/Users/mbrad/.m2/repository/org/apache/tomcat/tomcat-annotations-api/8.5.29/tomcat-annotations-api-8.5.29.jar:/Users/mbrad/.m2/repository/org/apache/tomcat/embed/tomcat-embed-el/8.5.29/tomcat-embed-el-8.5.29.jar:/Users/mbrad/.m2/repository/org/apache/tomcat/embed/tomcat-embed-websocket/8.5.29/tomcat-embed-websocket-8.5.29.jar:/Users/mbrad/.m2/repository/org/hibernate/hibernate-validator/5.3.6.Final/hibernate-validator-5.3.6.Final.jar:/Users/mbrad/.m2/repository/javax/validation/validation-api/1.1.0.Final/validation-api-1.1.0.Final.jar:/Users/mbrad/.m2/repository/org/jboss/logging/jboss-logging/3.3.2.Final/jboss-logging-3.3.2.Final.jar:/Users/mbrad/.m2/repository/com/fasterxml/classmate/1.3.4/classmate-1.3.4.jar:/Users/mbrad/.m2/repository/org/springframework/spring-web/4.3.16.RELEASE/spring-web-4.3.16.RELEASE.jar:/Users/mbrad/.m2/repository/org/springframework/spring-beans/4.3.16.RELEASE/spring-beans-4.3.16.RELEASE.jar:/Users/mbrad/.m2/repository/org/springframework/spring-context/4.3.16.RELEASE/spring-context-4.3.16.RELEASE.jar:/Users/mbrad/.m2/repository/org/springframework/spring-webmvc/4.3.16.RELEASE/spring-webmvc-4.3.16.RELEASE.jar:/Users/mbrad/.m2/repository/org/springframework/spring-expression/4.3.16.RELEASE/spring-expression-4.3.16.RELEASE.jar:/Users/mbrad/.m2/repository/org/springframework/boot/spring-boot-starter-actuator/1.5.12.RELEASE/spring-boot-starter-actuator-1.5.12.RELEASE.jar:/Users/mbrad/.m2/repository/org/springframework/boot/spring-boot-actuator/1.5.12.RELEASE/spring-boot-actuator-1.5.12.RELEASE.jar:/Users/mbrad/.m2/repository/org/asciidoctor/asciidoctorj/1.5.4/asciidoctorj-1.5.4.jar:/Users/mbrad/.m2/repository/org/jruby/jruby-complete/1.7.21/jruby-complete-1.7.21.jar:/Users/mbrad/.m2/repository/com/beust/jcommander/1.35/jcommander-1.35.jar:/Users/mbrad/.m2/repository/org/springframework/boot/spring-boot-starter-data-jpa/1.5.12.RELEASE/spring-boot-starter-data-jpa-1.5.12.RELEASE.jar:/Users/mbrad/.m2/repository/org/springframework/boot/spring-boot-starter-aop/1.5.12.RELEASE/spring-boot-starter-aop-1.5.12.RELEASE.jar:/Users/mbrad/.m2/repository/org/aspectj/aspectjweaver/1.8.13/aspectjweaver-1.8.13.jar:/Users/mbrad/.m2/repository/org/springframework/boot/spring-boot-starter-jdbc/1.5.12.RELEASE/spring-boot-starter-jdbc-1.5.12.RELEASE.jar:/Users/mbrad/.m2/repository/org/apache/tomcat/tomcat-jdbc/8.5.29/tomcat-jdbc-8.5.29.jar:/Users/mbrad/.m2/repository/org/apache/tomcat/tomcat-juli/8.5.29/tomcat-juli-8.5.29.jar:/Users/mbrad/.m2/repository/org/springframework/spring-jdbc/4.3.16.RELEASE/spring-jdbc-4.3.16.RELEASE.jar:/Users/mbrad/.m2/repository/org/hibernate/hibernate-core/5.0.12.Final/hibernate-core-5.0.12.Final.jar:/Users/mbrad/.m2/repository/org/hibernate/javax/persistence/hibernate-jpa-2.1-api/1.0.0.Final/hibernate-jpa-2.1-api-1.0.0.Final.jar:/Users/mbrad/.m2/repository/org/javassist/javassist/3.21.0-GA/javassist-3.21.0-GA.jar:/Users/mbrad/.m2/repository/antlr/antlr/2.7.7/antlr-2.7.7.jar:/Users/mbrad/.m2/repository/org/jboss/jandex/2.0.0.Final/jandex-2.0.0.Final.jar:/Users/mbrad/.m2/repository/dom4j/dom4j/1.6.1/dom4j-1.6.1.jar:/Users/mbrad/.m2/repository/org/hibernate/common/hibernate-commons-annotations/5.0.1.Final/hibernate-commons-annotations-5.0.1.Final.jar:/Users/mbrad/.m2/repository/org/hibernate/hibernate-entitymanager/5.0.12.Final/hibernate-entitymanager-5.0.12.Final.jar:/Users/mbrad/.m2/repository/org/springframework/data/spring-data-jpa/1.11.11.RELEASE/spring-data-jpa-1.11.11.RELEASE.jar:/Users/mbrad/.m2/repository/org/springframework/data/spring-data-commons/1.13.11.RELEASE/spring-data-commons-1.13.11.RELEASE.jar:/Users/mbrad/.m2/repository/org/springframework/spring-orm/4.3.16.RELEASE/spring-orm-4.3.16.RELEASE.jar:/Users/mbrad/.m2/repository/org/springframework/spring-tx/4.3.16.RELEASE/spring-tx-4.3.16.RELEASE.jar:/Users/mbrad/.m2/repository/org/slf4j/jcl-over-slf4j/1.7.25/jcl-over-slf4j-1.7.25.jar:/Users/mbrad/.m2/repository/org/springframework/spring-aspects/4.3.16.RELEASE/spring-aspects-4.3.16.RELEASE.jar:/Users/mbrad/.m2/repository/org/apache/commons/commons-lang3/3.4/commons-lang3-3.4.jar:/Users/mbrad/.m2/repository/com/google/guava/guava/18.0/guava-18.0.jar:/Users/mbrad/.m2/repository/io/gatling/highcharts/gatling-charts-highcharts/2.2.5/gatling-charts-highcharts-2.2.5.jar:/Users/mbrad/.m2/repository/org/scala-lang/scala-library/2.11.8/scala-library-2.11.8.jar:/Users/mbrad/.m2/repository/io/gatling/gatling-charts/2.2.5/gatling-charts-2.2.5.jar:/Users/mbrad/.m2/repository/io/gatling/gatling-core/2.2.5/gatling-core-2.2.5.jar:/Users/mbrad/.m2/repository/io/gatling/gatling-commons/2.2.5/gatling-commons-2.2.5.jar:/Users/mbrad/.m2/repository/com/typesafe/config/1.3.1/config-1.3.1.jar:/Users/mbrad/.m2/repository/com/dongxiguo/fastring_2.11/0.2.4/fastring_2.11-0.2.4.jar:/Users/mbrad/.m2/repository/com/softwaremill/quicklens/quicklens_2.11/1.4.8/quicklens_2.11-1.4.8.jar:/Users/mbrad/.m2/repository/org/asynchttpclient/async-http-client-netty-utils/2.0.29/async-http-client-netty-utils-2.0.29.jar:/Users/mbrad/.m2/repository/com/typesafe/scala-logging/scala-logging_2.11/3.5.0/scala-logging_2.11-3.5.0.jar:/Users/mbrad/.m2/repository/com/typesafe/akka/akka-actor_2.11/2.4.12/akka-actor_2.11-2.4.12.jar:/Users/mbrad/.m2/repository/com/typesafe/akka/akka-slf4j_2.11/2.4.12/akka-slf4j_2.11-2.4.12.jar:/Users/mbrad/.m2/repository/com/fasterxml/jackson/dataformat/jackson-dataformat-csv/2.8.11/jackson-dataformat-csv-2.8.11.jar:/Users/mbrad/.m2/repository/me/chrons/boopickle_2.11/1.2.4/boopickle_2.11-1.2.4.jar:/Users/mbrad/.m2/repository/org/scala-lang/modules/scala-java8-compat_2.11/0.8.0-RC7/scala-java8-compat_2.11-0.8.0-RC7.jar:/Users/mbrad/.m2/repository/com/github/ben-manes/caffeine/caffeine/2.3.5/caffeine-2.3.5.jar:/Users/mbrad/.m2/repository/com/github/scopt/scopt_2.11/3.5.0/scopt_2.11-3.5.0.jar:/Users/mbrad/.m2/repository/io/gatling/jsonpath_2.11/0.6.8/jsonpath_2.11-0.6.8.jar:/Users/mbrad/.m2/repository/io/advantageous/boon/boon-json/0.6.6/boon-json-0.6.6.jar:/Users/mbrad/.m2/repository/io/advantageous/boon/boon-reflekt/0.6.6/boon-reflekt-0.6.6.jar:/Users/mbrad/.m2/repository/net/sf/saxon/Saxon-HE/9.7.0-10/Saxon-HE-9.7.0-10.jar:/Users/mbrad/.m2/repository/org/jodd/jodd-lagarto/3.8.0/jodd-lagarto-3.8.0.jar:/Users/mbrad/.m2/repository/org/jodd/jodd-core/3.8.0/jodd-core-3.8.0.jar:/Users/mbrad/.m2/repository/org/jodd/jodd-log/3.8.0/jodd-log-3.8.0.jar:/Users/mbrad/.m2/repository/com/tdunning/t-digest/3.1/t-digest-3.1.jar:/Users/mbrad/.m2/repository/io/gatling/gatling-app/2.2.5/gatling-app-2.2.5.jar:/Users/mbrad/.m2/repository/io/gatling/gatling-http/2.2.5/gatling-http-2.2.5.jar:/Users/mbrad/.m2/repository/org/asynchttpclient/async-http-client/2.0.29/async-http-client-2.0.29.jar:/Users/mbrad/.m2/repository/org/asynchttpclient/netty-resolver-dns/2.0.29/netty-resolver-dns-2.0.29.jar:/Users/mbrad/.m2/repository/org/asynchttpclient/netty-resolver/2.0.29/netty-resolver-2.0.29.jar:/Users/mbrad/.m2/repository/org/asynchttpclient/netty-codec-dns/2.0.29/netty-codec-dns-2.0.29.jar:/Users/mbrad/.m2/repository/org/reactivestreams/reactive-streams/1.0.0/reactive-streams-1.0.0.jar:/Users/mbrad/.m2/repository/com/typesafe/netty/netty-reactive-streams/1.0.8/netty-reactive-streams-1.0.8.jar:/Users/mbrad/.m2/repository/io/netty/netty-transport-native-epoll/4.0.44.Final/netty-transport-native-epoll-4.0.44.Final-linux-x86_64.jar:/Users/mbrad/.m2/repository/io/netty/netty-common/4.0.44.Final/netty-common-4.0.44.Final.jar:/Users/mbrad/.m2/repository/io/netty/netty-buffer/4.0.44.Final/netty-buffer-4.0.44.Final.jar:/Users/mbrad/.m2/repository/io/netty/netty-transport/4.0.44.Final/netty-transport-4.0.44.Final.jar:/Users/mbrad/.m2/repository/io/gatling/gatling-jms/2.2.5/gatling-jms-2.2.5.jar:/Users/mbrad/.m2/repository/org/apache/geronimo/specs/geronimo-jms_1.1_spec/1.1.1/geronimo-jms_1.1_spec-1.1.1.jar:/Users/mbrad/.m2/repository/io/gatling/gatling-jdbc/2.2.5/gatling-jdbc-2.2.5.jar:/Users/mbrad/.m2/repository/io/gatling/gatling-redis/2.2.5/gatling-redis-2.2.5.jar:/Users/mbrad/.m2/repository/net/debasishg/redisclient_2.11/3.2/redisclient_2.11-3.2.jar:/Users/mbrad/.m2/repository/commons-pool/commons-pool/1.6/commons-pool-1.6.jar:/Users/mbrad/.m2/repository/io/gatling/gatling-metrics/2.2.5/gatling-metrics-2.2.5.jar:/Users/mbrad/.m2/repository/org/hdrhistogram/HdrHistogram/2.1.9/HdrHistogram-2.1.9.jar:/Users/mbrad/.m2/repository/io/gatling/gatling-recorder/2.2.5/gatling-recorder-2.2.5.jar:/Users/mbrad/.m2/repository/org/scala-lang/modules/scala-swing_2.11/1.0.2/scala-swing_2.11-1.0.2.jar:/Users/mbrad/.m2/repository/org/bouncycastle/bcpkix-jdk15on/1.55/bcpkix-jdk15on-1.55.jar:/Users/mbrad/.m2/repository/org/bouncycastle/bcprov-jdk15on/1.55/bcprov-jdk15on-1.55.jar:/Users/mbrad/.m2/repository/io/netty/netty-codec-http/4.0.44.Final/netty-codec-http-4.0.44.Final.jar:/Users/mbrad/.m2/repository/io/netty/netty-codec/4.0.44.Final/netty-codec-4.0.44.Final.jar:/Users/mbrad/.m2/repository/io/netty/netty-handler/4.0.44.Final/netty-handler-4.0.44.Final.jar:/Users/mbrad/.m2/repository/org/springframework/boot/spring-boot-starter-security/1.5.12.RELEASE/spring-boot-starter-security-1.5.12.RELEASE.jar:/Users/mbrad/.m2/repository/org/springframework/spring-aop/4.3.16.RELEASE/spring-aop-4.3.16.RELEASE.jar:/Users/mbrad/.m2/repository/org/springframework/security/spring-security-config/4.2.5.RELEASE/spring-security-config-4.2.5.RELEASE.jar:/Users/mbrad/.m2/repository/org/springframework/security/spring-security-web/4.2.5.RELEASE/spring-security-web-4.2.5.RELEASE.jar:/Users/mbrad/.m2/repository/org/springframework/boot/spring-boot-starter-thymeleaf/1.5.12.RELEASE/spring-boot-starter-thymeleaf-1.5.12.RELEASE.jar:/Users/mbrad/.m2/repository/org/thymeleaf/thymeleaf-spring4/2.1.6.RELEASE/thymeleaf-spring4-2.1.6.RELEASE.jar:/Users/mbrad/.m2/repository/nz/net/ultraq/thymeleaf/thymeleaf-layout-dialect/1.4.0/thymeleaf-layout-dialect-1.4.0.jar:/Users/mbrad/.m2/repository/org/codehaus/groovy/groovy/2.4.15/groovy-2.4.15.jar:/Users/mbrad/.m2/repository/org/thymeleaf/extras/thymeleaf-extras-springsecurity4/2.1.2.RELEASE/thymeleaf-extras-springsecurity4-2.1.2.RELEASE.jar:/Users/mbrad/.m2/repository/org/thymeleaf/thymeleaf/2.1.6.RELEASE/thymeleaf-2.1.6.RELEASE.jar:/Users/mbrad/.m2/repository/ognl/ognl/3.0.8/ognl-3.0.8.jar:/Users/mbrad/.m2/repository/org/unbescape/unbescape/1.1.0.RELEASE/unbescape-1.1.0.RELEASE.jar:/Users/mbrad/.m2/repository/org/slf4j/slf4j-api/1.7.25/slf4j-api-1.7.25.jar:/Users/mbrad/.m2/repository/javax/activation/activation/1.1.1/activation-1.1.1.jar:/Users/mbrad/.m2/repository/org/hsqldb/hsqldb/2.3.4/hsqldb-2.3.4.jar:/Users/mbrad/.m2/repository/javax/transaction/javax.transaction-api/1.2/javax.transaction-api-1.2.jar:/Users/mbrad/.m2/repository/org/scala-lang/scala-compiler/2.11.7/scala-compiler-2.11.7.jar:/Users/mbrad/.m2/repository/org/scala-lang/scala-reflect/2.11.7/scala-reflect-2.11.7.jar:/Users/mbrad/.m2/repository/org/scala-lang/modules/scala-xml_2.11/1.0.4/scala-xml_2.11-1.0.4.jar:/Users/mbrad/.m2/repository/org/scala-lang/modules/scala-parser-combinators_2.11/1.0.4/scala-parser-combinators_2.11-1.0.4.jar:/Users/mbrad/.m2/repository/org/springframework/boot/spring-boot-starter-test/1.5.12.RELEASE/spring-boot-starter-test-1.5.12.RELEASE.jar:/Users/mbrad/.m2/repository/org/springframework/boot/spring-boot-test/1.5.12.RELEASE/spring-boot-test-1.5.12.RELEASE.jar:/Users/mbrad/.m2/repository/org/springframework/boot/spring-boot-test-autoconfigure/1.5.12.RELEASE/spring-boot-test-autoconfigure-1.5.12.RELEASE.jar:/Users/mbrad/.m2/repository/com/jayway/jsonpath/json-path/2.2.0/json-path-2.2.0.jar:/Users/mbrad/.m2/repository/net/minidev/json-smart/2.2.1/json-smart-2.2.1.jar:/Users/mbrad/.m2/repository/net/minidev/accessors-smart/1.1/accessors-smart-1.1.jar:/Users/mbrad/.m2/repository/org/ow2/asm/asm/5.0.3/asm-5.0.3.jar:/Users/mbrad/.m2/repository/org/assertj/assertj-core/2.6.0/assertj-core-2.6.0.jar:/Users/mbrad/.m2/repository/org/mockito/mockito-core/1.10.19/mockito-core-1.10.19.jar:/Users/mbrad/.m2/repository/org/objenesis/objenesis/2.1/objenesis-2.1.jar:/Users/mbrad/.m2/repository/org/hamcrest/hamcrest-core/1.3/hamcrest-core-1.3.jar:/Users/mbrad/.m2/repository/org/hamcrest/hamcrest-library/1.3/hamcrest-library-1.3.jar:/Users/mbrad/.m2/repository/org/skyscreamer/jsonassert/1.4.0/jsonassert-1.4.0.jar:/Users/mbrad/.m2/repository/com/vaadin/external/google/android-json/0.0.20131108.vaadin1/android-json-0.0.20131108.vaadin1.jar:/Users/mbrad/.m2/repository/org/springframework/spring-core/4.3.16.RELEASE/spring-core-4.3.16.RELEASE.jar:/Users/mbrad/.m2/repository/org/springframework/spring-test/4.3.16.RELEASE/spring-test-4.3.16.RELEASE.jar:/Users/mbrad/.m2/repository/org/springframework/security/spring-security-test/4.1.3.RELEASE/spring-security-test-4.1.3.RELEASE.jar:/Users/mbrad/.m2/repository/org/springframework/security/spring-security-core/4.2.5.RELEASE/spring-security-core-4.2.5.RELEASE.jar:/Users/mbrad/.m2/repository/aopalliance/aopalliance/1.0/aopalliance-1.0.jar:/Users/mbrad/.m2/repository/junit/junit/4.12/junit-4.12.jar:/Users/mbrad/.m2/repository/org/projectlombok/lombok/1.16.20/lombok-1.16.20.jar:/Users/mbrad/.m2/repository/org/apache/commons/commons-exec/1.3/commons-exec-1.3.jar:"/>
    <property name="java.io.tmpdir" value="/var/folders/kh/71c9bl5n4k3fx33497gw6kz40000gn/T/"/>
    <property name="java.vendor.url.bug" value="http://bugreport.sun.com/bugreport/"/>
    <property name="coverity.force.debug" value="true"/>
    <property name="maven.multiModuleProjectDirectory" value="/Users/mbrad/Demo/WebGoat"/>
    <property name="os.arch" value="x86_64"/>
    <property name="java.awt.graphicsenv" value="sun.awt.CGraphicsEnvironment"/>
    <property name="java.ext.dirs" value="/Users/mbrad/Library/Java/Extensions:/Library/Java/JavaVirtualMachines/jdk1.8.0_181.jdk/Contents/Home/jre/lib/ext:/Library/Java/Extensions:/Network/Library/Java/Extensions:/System/Library/Java/Extensions:/usr/lib/java"/>
    <property name="user.dir" value="/Users/mbrad/Demo/WebGoat/webgoat-container"/>
    <property name="line.separator" value="&#10;"/>
    <property name="java.vm.name" value="Java HotSpot(TM) 64-Bit Server VM"/>
    <property name="basedir" value="/Users/mbrad/Demo/WebGoat/webgoat-container"/>
    <property name="instrumentation.class" value="com.coverity.capture.inst.sun.SunJavac"/>
    <property name="file.encoding" value="UTF-8"/>
    <property name="coverity.emit" value="/Users/mbrad/Demo/WebGoat/.swip/data/coverity/2018.12/idir/emit"/>
    <property name="java.specification.version" value="1.8"/>
  </properties>
  <testcase name="submitCorrectPassword" classname="org.owasp.webgoat.plugin.introduction.SqlInjectionLesson6bTest" time="0.02"/>
  <testcase name="submitWrongPassword" classname="org.owasp.webgoat.plugin.introduction.SqlInjectionLesson6bTest" time="0.024"/>
</testsuite>